0 info it worked if it ends with ok
1 verbose cli [ '/usr/local/bin/node', '/usr/local/bin/npm', 'publish' ]
2 info using npm@3.10.9
3 info using node@v5.5.0
4 verbose publish [ '.' ]
5 silly cache add args [ '.', null ]
6 verbose cache add spec .
7 silly cache add parsed spec Result {
7 silly cache add   raw: '.',
7 silly cache add   scope: null,
7 silly cache add   escapedName: null,
7 silly cache add   name: null,
7 silly cache add   rawSpec: '.',
7 silly cache add   spec: '/Applications/MAMP/htdocs/TESTs/bash/node_gen',
7 silly cache add   type: 'directory' }
8 verbose addLocalDirectory /Users/Howi/.npm/nodesc/1.0.0/package.tgz not in flight; packing
9 verbose correctMkdir /Users/Howi/.npm correctMkdir not in flight; initializing
10 info lifecycle nodesc@1.0.0~prepublish: nodesc@1.0.0
11 silly lifecycle nodesc@1.0.0~prepublish: no script for prepublish, continuing
12 verbose tar pack [ '/Users/Howi/.npm/nodesc/1.0.0/package.tgz',
12 verbose tar pack   '/Applications/MAMP/htdocs/TESTs/bash/node_gen' ]
13 verbose tarball /Users/Howi/.npm/nodesc/1.0.0/package.tgz
14 verbose folder /Applications/MAMP/htdocs/TESTs/bash/node_gen
15 verbose addLocalTarball adding from inside cache /Users/Howi/.npm/nodesc/1.0.0/package.tgz
16 verbose correctMkdir /Users/Howi/.npm correctMkdir not in flight; initializing
17 silly cache afterAdd nodesc@1.0.0
18 verbose afterAdd /Users/Howi/.npm/nodesc/1.0.0/package/package.json not in flight; writing
19 verbose correctMkdir /Users/Howi/.npm correctMkdir not in flight; initializing
20 verbose afterAdd /Users/Howi/.npm/nodesc/1.0.0/package/package.json written
21 silly publish { name: 'nodesc',
21 silly publish   version: '1.0.0',
21 silly publish   description: 'Creates a modularized node server with all of the basic CRUD operations and routes for specified models. (Uses MongoDB as the db)',
21 silly publish   main: 'index.js',
21 silly publish   directories: { example: 'example' },
21 silly publish   scripts: { run: './nsc.sh' },
21 silly publish   bin: { nsc: './nsc.sh', nodesc: './nsc.sh' },
21 silly publish   repository:
21 silly publish    { type: 'git',
21 silly publish      url: 'git+https://github.com/HowiJ/node_gen_bash.git' },
21 silly publish   keywords: [ 'node', 'generator', 'creator', 'mongodb', 'mongo' ],
21 silly publish   author:
21 silly publish    { name: 'Howard Jiang',
21 silly publish      email: 'me@howardjiang.com',
21 silly publish      url: 'http://howardjiang.com' },
21 silly publish   license: 'ISC',
21 silly publish   bugs: { url: 'https://github.com/HowiJ/node_gen_bash/issues' },
21 silly publish   homepage: 'https://github.com/HowiJ/node_gen_bash#readme',
21 silly publish   readme: 'Node Server Creator (nsc.sh) (nodesc)\n===============\n### Description:\nThis is a node server generator built as a bash script. It will generate a fully modularized Node based back-end codebase with basic CRUD operations.\n\n### Installation:\n* `npm install -g nodesc`\n\n### Usage:\n1. Use chmod to allow access and ability to run the script.\n * `chmod +x nsc.sh` works (just need to make the script executable)\n2. Run the script. (If you have something after the script, it will take it as the folder name)\n * Use folderdirectory/script.sh \n  * (IE: `./nsc.sh`) \n  * (IE: `./nsc.sh foldername`)\n  * (IE: `./nsc.sh foldername portnumber`)\n * If you want, set an alias for the script.\n3. After answering the questions, you\'ll have a new project folder.\n * DB Name will be the name of the database\n * Model Name is the name of the model (IE: Users). Note: no validations are in so best is to use capital first letter\n * Attribute name is attributes of the model such as name, age, etc.\n * Attribute type is the type of the attribute such as String, Number, Array, etc.\n4. Inside that project folder, use `npm install`!\n5. Run the server (main file is server.js)\n\n### Notes:\n* Make sure mongod is running.\n* MongoDB is currently required in this version (unless you manually remove it in the created files of course).\n* nsc.sh && nsc_clean.sh should have the same functionality. \n* You might need to change the top line (#! /bin/bash) to your bash location if it doesn\'t work.\n * Use `which bash` to find out your path.\n\n### Commands:\n`./nsc.sh <foldername> <port>`\n* the foldername and port are optional since it will ask you if you dont have it.\n\n\n###### Made By: <i>Howard Jiang</i>',
21 silly publish   readmeFilename: 'README.md',
21 silly publish   gitHead: 'a2bfe8d524a5f55ff12602be947ca5246922c750',
21 silly publish   _id: 'nodesc@1.0.0',
21 silly publish   _shasum: '757bb31106ac7cb50f6782dc45a4dc1d9922cb33',
21 silly publish   _from: '.' }
22 verbose getPublishConfig undefined
23 silly mapToRegistry name nodesc
24 silly mapToRegistry using default registry
25 silly mapToRegistry registry https://registry.npmjs.org/
26 silly mapToRegistry data Result {
26 silly mapToRegistry   raw: 'nodesc',
26 silly mapToRegistry   scope: null,
26 silly mapToRegistry   escapedName: 'nodesc',
26 silly mapToRegistry   name: 'nodesc',
26 silly mapToRegistry   rawSpec: '',
26 silly mapToRegistry   spec: 'latest',
26 silly mapToRegistry   type: 'tag' }
27 silly mapToRegistry uri https://registry.npmjs.org/nodesc
28 verbose publish registryBase https://registry.npmjs.org/
29 silly publish uploading /Users/Howi/.npm/nodesc/1.0.0/package.tgz
30 verbose request uri https://registry.npmjs.org/nodesc
31 verbose request sending authorization for write operation
32 info attempt registry request try #1 at 4:41:01 PM
33 verbose request using bearer token for auth
34 verbose request id a00079bf8c54a69c
35 http request PUT https://registry.npmjs.org/nodesc
36 http 403 https://registry.npmjs.org/nodesc
37 verbose headers { 'content-type': 'application/json',
37 verbose headers   'cache-control': 'max-age=300',
37 verbose headers   'content-length': '95',
37 verbose headers   'accept-ranges': 'bytes',
37 verbose headers   date: 'Sat, 03 Dec 2016 00:41:01 GMT',
37 verbose headers   via: '1.1 varnish',
37 verbose headers   connection: 'keep-alive',
37 verbose headers   'x-served-by': 'cache-sjc3620-SJC',
37 verbose headers   'x-cache': 'MISS',
37 verbose headers   'x-cache-hits': '0',
37 verbose headers   'x-timer': 'S1480725661.384559,VS0,VE157',
37 verbose headers   vary: 'Accept-Encoding' }
38 verbose request invalidating /Users/Howi/.npm/registry.npmjs.org/nodesc on PUT
39 error publish Failed PUT 403
40 verbose stack Error: "You cannot publish over the previously published version 1.0.0." : nodesc
40 verbose stack     at makeError (/usr/local/lib/node_modules/npm/node_modules/npm-registry-client/lib/request.js:302:12)
40 verbose stack     at CachingRegistryClient.<anonymous> (/usr/local/lib/node_modules/npm/node_modules/npm-registry-client/lib/request.js:290:14)
40 verbose stack     at Request._callback (/usr/local/lib/node_modules/npm/node_modules/npm-registry-client/lib/request.js:210:14)
40 verbose stack     at Request.self.callback (/usr/local/lib/node_modules/npm/node_modules/request/request.js:187:22)
40 verbose stack     at emitTwo (events.js:100:13)
40 verbose stack     at Request.emit (events.js:185:7)
40 verbose stack     at Request.<anonymous> (/usr/local/lib/node_modules/npm/node_modules/request/request.js:1048:10)
40 verbose stack     at emitOne (events.js:90:13)
40 verbose stack     at Request.emit (events.js:182:7)
40 verbose stack     at IncomingMessage.<anonymous> (/usr/local/lib/node_modules/npm/node_modules/request/request.js:969:12)
41 verbose statusCode 403
42 verbose pkgid nodesc
43 verbose cwd /Applications/MAMP/htdocs/TESTs/bash/node_gen
44 error Darwin 16.0.0
45 error argv "/usr/local/bin/node" "/usr/local/bin/npm" "publish"
46 error node v5.5.0
47 error npm  v3.10.9
48 error code E403
49 error "You cannot publish over the previously published version 1.0.0." : nodesc
50 error If you need help, you may report this error at:
50 error     <https://github.com/npm/npm/issues>
51 verbose exit [ 1, true ]
